<?xml version="1.0" encoding="UTF-8"?>
<testng-results ignored="0" total="1" passed="1" failed="0" skipped="0">
  <reporter-output>
  </reporter-output>
  <suite started-at="2023-09-26T20:09:19 IST" name="Default suite" finished-at="2023-09-26T20:10:01 IST" duration-ms="42746">
    <groups>
    </groups>
    <test started-at="2023-09-26T20:09:19 IST" name="Default test" finished-at="2023-09-26T20:10:01 IST" duration-ms="42746">
      <class name="selenium.Seleniumtest">
        <test-method signature="amazon_app()[pri:0, instance:selenium.Seleniumtest@6f1de4c7]" started-at="2023-09-26T20:09:19 IST" name="amazon_app" finished-at="2023-09-26T20:10:01 IST" duration-ms="42712" status="PASS">
          <reporter-output>
          </reporter-output>
        </test-method> <!-- amazon_app -->
      </class> <!-- selenium.Seleniumtest -->
    </test> <!-- Default test -->
  </suite> <!-- Default suite -->
</testng-results>
